{"contracts\\AnchorContract.sol":{"l":{"41":231,"42":227,"46":24,"47":24,"48":24,"62":224,"64":222,"72":222,"73":222,"74":222,"75":222,"77":222,"90":3,"91":2,"99":25,"100":24,"108":7,"109":6,"111":5,"112":5,"114":5,"116":5,"117":5,"120":5,"132":2,"140":3,"141":2,"142":2,"143":2},"path":"C:\\Users\\Fernando\\Documents\\solidity\\alastria\\cross-chain-anchoring-example\\contracts\\AnchorContract.sol","s":{"1":231,"2":224,"3":222,"4":222,"5":222,"6":3,"7":2,"8":25,"9":24,"10":7,"11":6,"12":5,"13":5,"14":5,"15":5,"16":5,"17":2,"18":3,"19":2,"20":2},"b":{"1":[227,4],"2":[224,3],"3":[222,2],"4":[2,1],"5":[24,1],"6":[6,1],"7":[5,1],"8":[2,3],"9":[2,3],"10":[3,1],"11":[2,1]},"f":{"1":231,"2":24,"3":224,"4":3,"5":25,"6":7,"7":2,"8":3},"fnMap":{"1":{"name":"onlyOwner","line":40,"loc":{"start":{"line":40,"column":4},"end":{"line":43,"column":4}}},"2":{"name":"constructor","line":45,"loc":{"start":{"line":45,"column":4},"end":{"line":49,"column":4}}},"3":{"name":"anchorBlock","line":61,"loc":{"start":{"line":57,"column":4},"end":{"line":84,"column":4}}},"4":{"name":"getLastAnchoredBlock","line":89,"loc":{"start":{"line":89,"column":4},"end":{"line":92,"column":4}}},"5":{"name":"getAnchoredBlock","line":98,"loc":{"start":{"line":98,"column":4},"end":{"line":101,"column":4}}},"6":{"name":"getLastNBlocks","line":107,"loc":{"start":{"line":107,"column":4},"end":{"line":121,"column":4}}},"7":{"name":"getStats","line":126,"loc":{"start":{"line":126,"column":4},"end":{"line":133,"column":4}}},"8":{"name":"transferOwnership","line":139,"loc":{"start":{"line":139,"column":4},"end":{"line":144,"column":4}}}},"statementMap":{"1":{"start":{"line":41,"column":8},"end":{"line":41,"column":86}},"2":{"start":{"line":62,"column":8},"end":{"line":62,"column":90}},"3":{"start":{"line":64,"column":8},"end":{"line":64,"column":1742}},"4":{"start":{"line":72,"column":8},"end":{"line":72,"column":36}},"5":{"start":{"line":77,"column":8},"end":{"line":77,"column":2162}},"6":{"start":{"line":90,"column":8},"end":{"line":90,"column":59}},"7":{"start":{"line":91,"column":8},"end":{"line":91,"column":56}},"8":{"start":{"line":99,"column":8},"end":{"line":99,"column":84}},"9":{"start":{"line":100,"column":8},"end":{"line":100,"column":42}},"10":{"start":{"line":108,"column":8},"end":{"line":108,"column":54}},"11":{"start":{"line":109,"column":8},"end":{"line":109,"column":59}},"12":{"start":{"line":111,"column":8},"end":{"line":111,"column":73}},"13":{"start":{"line":112,"column":8},"end":{"line":112,"column":70}},"14":{"start":{"line":114,"column":8},"end":{"line":114,"column":59}},"15":{"start":{"line":116,"column":8},"end":{"line":116,"column":3543}},"16":{"start":{"line":120,"column":8},"end":{"line":120,"column":21}},"17":{"start":{"line":132,"column":8},"end":{"line":132,"column":82}},"18":{"start":{"line":140,"column":8},"end":{"line":140,"column":74}},"19":{"start":{"line":141,"column":8},"end":{"line":141,"column":32}},"20":{"start":{"line":143,"column":8},"end":{"line":143,"column":53}}},"branchMap":{"1":{"line":41,"type":"if","locations":[{"start":{"line":41,"column":8},"end":{"line":41,"column":8}},{"start":{"line":41,"column":8},"end":{"line":41,"column":8}}]},"2":{"line":61,"type":"if","locations":[{"start":{"line":61,"column":15},"end":{"line":61,"column":15}},{"start":{"line":61,"column":15},"end":{"line":61,"column":15}}]},"3":{"line":62,"type":"if","locations":[{"start":{"line":62,"column":8},"end":{"line":62,"column":8}},{"start":{"line":62,"column":8},"end":{"line":62,"column":8}}]},"4":{"line":90,"type":"if","locations":[{"start":{"line":90,"column":8},"end":{"line":90,"column":8}},{"start":{"line":90,"column":8},"end":{"line":90,"column":8}}]},"5":{"line":99,"type":"if","locations":[{"start":{"line":99,"column":8},"end":{"line":99,"column":8}},{"start":{"line":99,"column":8},"end":{"line":99,"column":8}}]},"6":{"line":108,"type":"if","locations":[{"start":{"line":108,"column":8},"end":{"line":108,"column":8}},{"start":{"line":108,"column":8},"end":{"line":108,"column":8}}]},"7":{"line":109,"type":"if","locations":[{"start":{"line":109,"column":8},"end":{"line":109,"column":8}},{"start":{"line":109,"column":8},"end":{"line":109,"column":8}}]},"8":{"line":111,"type":"if","locations":[{"start":{"line":111,"column":48},"end":{"line":111,"column":68}},{"start":{"line":111,"column":72},"end":{"line":111,"column":72}}]},"9":{"line":112,"type":"if","locations":[{"start":{"line":112,"column":49},"end":{"line":112,"column":54}},{"start":{"line":112,"column":58},"end":{"line":112,"column":69}}]},"10":{"line":139,"type":"if","locations":[{"start":{"line":139,"column":58},"end":{"line":139,"column":58}},{"start":{"line":139,"column":58},"end":{"line":139,"column":58}}]},"11":{"line":140,"type":"if","locations":[{"start":{"line":140,"column":8},"end":{"line":140,"column":8}},{"start":{"line":140,"column":8},"end":{"line":140,"column":8}}]}}}}